E:\PROGRAMMING\PROGRAMMING\ALGORITHMSCOURSE\RESOURCES\CODING\WEEK2\FIBONACCINUMBER\FIBONACCINUMBER\DEBUG\FIBNUMBER.OBJ
E:\PROGRAMMING\PROGRAMMING\ALGORITHMSCOURSE\RESOURCES\CODING\WEEK2\FIBONACCINUMBER\FIBONACCINUMBER\DEBUG\VC110.PDB
E:\PROGRAMMING\PROGRAMMING\ALGORITHMSCOURSE\RESOURCES\CODING\WEEK2\FIBONACCINUMBER\DEBUG\FIBONACCINUMBER.ILK
E:\PROGRAMMING\PROGRAMMING\ALGORITHMSCOURSE\RESOURCES\CODING\WEEK2\FIBONACCINUMBER\DEBUG\FIBONACCINUMBER.EXE
E:\PROGRAMMING\PROGRAMMING\ALGORITHMSCOURSE\RESOURCES\CODING\WEEK2\FIBONACCINUMBER\DEBUG\FIBONACCINUMBER.PDB
E:\Programming\Programming\algorithmsCourse\resources\coding\week2\FibonacciNumber\FibonacciNumber\Debug\FibNumber.obj
E:\Programming\Programming\algorithmsCourse\resources\coding\week2\FibonacciNumber\FibonacciNumber\Debug\cl.command.1.tlog
E:\Programming\Programming\algorithmsCourse\resources\coding\week2\FibonacciNumber\FibonacciNumber\Debug\CL.read.1.tlog
E:\Programming\Programming\algorithmsCourse\resources\coding\week2\FibonacciNumber\FibonacciNumber\Debug\CL.write.1.tlog
E:\Programming\Programming\algorithmsCourse\resources\coding\week2\FibonacciNumber\FibonacciNumber\Debug\link-cvtres.read.1.tlog
E:\Programming\Programming\algorithmsCourse\resources\coding\week2\FibonacciNumber\FibonacciNumber\Debug\link-cvtres.write.1.tlog
E:\Programming\Programming\algorithmsCourse\resources\coding\week2\FibonacciNumber\FibonacciNumber\Debug\link-rc.read.1.tlog
E:\Programming\Programming\algorithmsCourse\resources\coding\week2\FibonacciNumber\FibonacciNumber\Debug\link-rc.write.1.tlog
E:\Programming\Programming\algorithmsCourse\resources\coding\week2\FibonacciNumber\FibonacciNumber\Debug\link.command.1.tlog
E:\Programming\Programming\algorithmsCourse\resources\coding\week2\FibonacciNumber\FibonacciNumber\Debug\link.read.1.tlog
E:\Programming\Programming\algorithmsCourse\resources\coding\week2\FibonacciNumber\FibonacciNumber\Debug\link.write.1.tlog
E:\Programming\Programming\algorithmsCourse\resources\coding\week2\FibonacciNumber\FibonacciNumber\Debug\vc110.idb
E:\Programming\Programming\algorithmsCourse\resources\coding\week2\FibonacciNumber\FibonacciNumber\Debug\vc110.pdb
E:\Programming\Programming\algorithmsCourse\resources\coding\week2\FibonacciNumber\Debug\FibonacciNumber.pdb
E:\Programming\Programming\algorithmsCourse\resources\coding\week2\FibonacciNumber\Debug\FibonacciNumber.exe
E:\Programming\Programming\algorithmsCourse\resources\coding\week2\FibonacciNumber\Debug\FibonacciNumber.ilk
